TN:
SF:src\utils\password.ts
FN:1,(anonymous_0)
FNF:1
FNH:1
FNDA:13,(anonymous_0)
DA:1,1
DA:2,13
DA:3,12
DA:4,11
DA:6,10
DA:7,10
DA:8,10
DA:9,10
DA:11,10
DA:13,2
DA:14,1
DA:15,8
DA:17,5
DA:18,2
DA:21,3
DA:24,3
LF:16
LH:16
BRDA:2,0,0,1
BRDA:2,0,1,12
BRDA:3,1,0,1
BRDA:3,1,1,11
BRDA:4,2,0,1
BRDA:4,2,1,10
BRDA:11,3,0,2
BRDA:11,3,1,8
BRDA:13,4,0,1
BRDA:13,4,1,1
BRDA:15,5,0,5
BRDA:15,5,1,3
BRDA:15,6,0,8
BRDA:15,6,1,8
BRDA:17,7,0,3
BRDA:17,7,1,2
BRDA:17,8,0,5
BRDA:17,8,1,4
BRDA:17,8,2,3
BRDA:18,9,0,1
BRDA:18,9,1,1
BRDA:21,10,0,1
BRDA:21,10,1,2
BRDA:21,11,0,3
BRDA:21,11,1,2
BRF:25
BRH:25
end_of_record
TN:
SF:src\utils\shipping.ts
FN:1,calculateShipping
FNF:1
FNH:1
FNDA:18,calculateShipping
DA:1,2
DA:7,18
DA:8,1
DA:11,17
DA:12,2
DA:15,15
DA:18,15
DA:19,6
DA:20,9
DA:21,6
DA:23,3
DA:27,15
DA:28,6
DA:32,15
DA:33,5
DA:36,15
LF:16
LH:16
BRDA:7,0,0,1
BRDA:7,0,1,17
BRDA:11,1,0,2
BRDA:11,1,1,15
BRDA:11,2,0,17
BRDA:11,2,1,16
BRDA:18,3,0,6
BRDA:18,3,1,9
BRDA:20,4,0,6
BRDA:20,4,1,3
BRDA:27,5,0,6
BRDA:27,5,1,9
BRDA:27,6,0,15
BRDA:27,6,1,6
BRDA:32,7,0,5
BRDA:32,7,1,10
BRF:16
BRH:16
end_of_record
